2023-10-16 14:30:25,698 - logger - INFO - Server started on port: 56789
2023-10-16 14:30:33,556 - logger - INFO - running shadow analysis
2023-10-16 14:30:34,400 - logger - INFO - generating shallow matrix of time: 2023-10-16 09:30
2023-10-16 14:30:36,868 - logger - INFO - insert data into mongodb A1_Shadow_Analysis.A1_Shadow_Analysis successfully!
2023-10-16 14:30:38,435 - logger - INFO - store and get result from mongodb successfully!
2023-10-16 14:31:02,603 - logger - INFO - running shadow analysis
2023-10-16 14:31:03,219 - logger - INFO - generating shallow matrix of time: 2023-10-16 09:31
2023-10-16 14:31:09,949 - logger - INFO - Server started on port: 56789
2023-10-16 14:31:12,250 - logger - INFO - running shadow analysis
2023-10-16 14:31:12,881 - logger - INFO - generating shallow matrix of time: 2023-10-16 09:31
2023-10-16 14:31:24,992 - logger - INFO - insert data into mongodb A1_Shadow_Analysis.A1_Shadow_Analysis successfully!
2023-10-16 14:31:26,654 - logger - INFO - store and get result from mongodb successfully!
2023-10-16 14:33:05,570 - logger - INFO - Server started on port: 56789
2023-10-16 14:33:07,088 - logger - INFO - running shadow analysis
2023-10-16 14:33:07,896 - logger - INFO - generating shallow matrix of time: 2023-10-16 09:33
2023-10-16 14:33:17,628 - logger - INFO - insert data into mongodb A1_Shadow_Analysis.A1_Shadow_Analysis successfully!
2023-10-16 14:33:19,475 - logger - INFO - store and get result from mongodb successfully!
2023-10-16 14:45:09,933 - logger - INFO - Server started on port: 56789
2023-10-16 14:45:39,981 - logger - INFO - running shadow analysis
2023-10-16 14:45:40,897 - logger - INFO - generating shallow matrix of time: 2023-10-16 09:45
2023-10-16 14:45:57,866 - logger - INFO - insert data into mongodb A1_Shadow_Analysis.A1_Shadow_Analysis successfully!
2023-10-16 14:45:59,711 - logger - INFO - store and get result from mongodb successfully!
2023-10-16 17:17:37,616 - logger - INFO - Server started on port: 56789
2023-10-16 17:18:15,966 - logger - INFO - running shadow analysis.py
2023-10-16 17:18:16,843 - [108] - INFO - shadow analysis start
2023-10-16 17:18:16,843 - [110] - INFO - generating shallow matrix of time: 2023-10-16 12:18
2023-10-16 17:18:16,943 - [125] - INFO - shadow analysis complete
2023-10-16 17:18:16,943 - [126] - INFO - visualization start
2023-10-16 17:18:18,468 - [186] - INFO - visualization complete
2023-10-16 17:18:18,468 - [188] - INFO - persist result to MongoDB start
2023-10-16 17:18:19,533 - [209] - INFO - insert data into mongodb A1_Shadow_Analysis.A1_Shadow_Analysis successfully!
2023-10-16 17:18:20,163 - logger - INFO - getting run result from MongoDB
2023-10-16 17:18:21,155 - logger - INFO - get result from mongodb successfully!
2023-10-16 17:18:21,589 - logger - INFO - response done!
